2025-03-08 21:08:59,974 INFO o.a.j.u.JMeterUtils: Setting Locale to en_EN
2025-03-08 21:09:00,019 INFO o.a.j.JMeter: Loading user properties from: user.properties
2025-03-08 21:09:00,022 INFO o.a.j.JMeter: Loading system properties from: system.properties
2025-03-08 21:09:00,022 INFO o.a.j.JMeter: Setting System property: server_port=1099
2025-03-08 21:09:00,032 INFO o.a.j.JMeter: Copyright (c) 1998-2023 The Apache Software Foundation
2025-03-08 21:09:00,032 INFO o.a.j.JMeter: Version 5.6.2
2025-03-08 21:09:00,032 INFO o.a.j.JMeter: java.version=11.0.26
2025-03-08 21:09:00,032 INFO o.a.j.JMeter: java.vm.name=OpenJDK 64-Bit Server VM
2025-03-08 21:09:00,032 INFO o.a.j.JMeter: os.name=Linux
2025-03-08 21:09:00,032 INFO o.a.j.JMeter: os.arch=amd64
2025-03-08 21:09:00,032 INFO o.a.j.JMeter: os.version=6.8.0-1021-aws
2025-03-08 21:09:00,032 INFO o.a.j.JMeter: file.encoding=UTF-8
2025-03-08 21:09:00,032 INFO o.a.j.JMeter: java.awt.headless=true
2025-03-08 21:09:00,033 INFO o.a.j.JMeter: Max memory     =1073741824
2025-03-08 21:09:00,033 INFO o.a.j.JMeter: Available Processors =2
2025-03-08 21:09:00,046 INFO o.a.j.JMeter: Default Locale=English (EN)
2025-03-08 21:09:00,046 INFO o.a.j.JMeter: JMeter  Locale=English (EN)
2025-03-08 21:09:00,046 INFO o.a.j.JMeter: JMeterHome=/home/ubuntu/Jmeter/f9
2025-03-08 21:09:00,047 INFO o.a.j.JMeter: user.dir  =/home/ubuntu/Jmeter/f9/bin
2025-03-08 21:09:00,047 INFO o.a.j.JMeter: PWD       =/home/ubuntu/Jmeter/f9/bin
2025-03-08 21:09:00,050 INFO o.a.j.JMeter: IP: 10.0.36.159 Name: ip-10-0-36-159 FullName: ip-10-0-36-159.eu-west-2.compute.internal
2025-03-08 21:09:00,081 INFO o.a.j.r.RmiUtils: Disabling SSL for RMI as server.rmi.ssl.disable is set to 'true'
2025-03-08 21:09:00,081 INFO o.a.j.r.RmiUtils: Disabling SSL for RMI as server.rmi.ssl.disable is set to 'true'
2025-03-08 21:09:00,201 INFO o.a.j.e.RemoteJMeterEngineImpl: Starting backing engine on 1099
2025-03-08 21:09:00,202 INFO o.a.j.r.RmiUtils: System property 'java.rmi.server.hostname' is not defined, using localHost address
2025-03-08 21:09:00,202 INFO o.a.j.r.RmiUtils: Local IP address=10.0.36.159
2025-03-08 21:09:00,202 INFO o.a.j.e.RemoteJMeterEngineImpl: IP address is a site-local address; this may cause problems with remote access.
	Can be overridden by defining the system property 'java.rmi.server.hostname' - see jmeter-server script file
2025-03-08 21:09:00,203 INFO o.a.j.e.RemoteJMeterEngineImpl: Creating RMI registry (server.rmi.create=true)
2025-03-08 21:09:00,203 INFO o.a.j.r.RmiUtils: Disabling SSL for RMI as server.rmi.ssl.disable is set to 'true'
2025-03-08 21:09:00,203 INFO o.a.j.r.RmiUtils: Disabling SSL for RMI as server.rmi.ssl.disable is set to 'true'
2025-03-08 21:09:00,206 INFO o.a.j.e.RemoteJMeterEngineImpl: Bound to RMI registry on port 1099
2025-03-08 21:09:42,805 INFO o.a.j.p.h.c.CookieManager: Settings: Delete null: true Check: true Allow variable: true Save: false Prefix: COOKIE_
2025-03-08 21:09:42,820 INFO o.a.j.s.SampleEvent: List of sample_variables: []
2025-03-08 21:09:42,833 INFO o.a.j.s.BatchSampleSender: Using batching for this run. Thresholds: num=100, time=60000
2025-03-08 21:09:42,833 INFO o.a.j.s.DataStrippingSampleSender: Using DataStrippingSampleSender for this run with stripAlsoOnError: true
2025-03-08 21:09:42,885 INFO o.a.j.s.BatchSampleSender: Using batching for this run. Thresholds: num=100, time=60000
2025-03-08 21:09:42,886 INFO o.a.j.s.DataStrippingSampleSender: Using DataStrippingSampleSender for this run with stripAlsoOnError: true
2025-03-08 21:09:42,923 INFO o.a.j.p.h.s.HTTPSamplerBase: Parser for text/html is org.apache.jmeter.protocol.http.parser.LagartoBasedHtmlParser
2025-03-08 21:09:42,923 INFO o.a.j.p.h.s.HTTPSamplerBase: Parser for application/xhtml+xml is org.apache.jmeter.protocol.http.parser.LagartoBasedHtmlParser
2025-03-08 21:09:42,923 INFO o.a.j.p.h.s.HTTPSamplerBase: Parser for application/xml is org.apache.jmeter.protocol.http.parser.LagartoBasedHtmlParser
2025-03-08 21:09:42,923 INFO o.a.j.p.h.s.HTTPSamplerBase: Parser for text/xml is org.apache.jmeter.protocol.http.parser.LagartoBasedHtmlParser
2025-03-08 21:09:42,923 INFO o.a.j.p.h.s.HTTPSamplerBase: Parser for text/vnd.wap.wml is org.apache.jmeter.protocol.http.parser.RegexpHTMLParser
2025-03-08 21:09:42,923 INFO o.a.j.p.h.s.HTTPSamplerBase: Parser for text/css is org.apache.jmeter.protocol.http.parser.CssParser
2025-03-08 21:09:43,006 INFO o.a.j.s.BatchSampleSender: Using batching for this run. Thresholds: num=100, time=60000
2025-03-08 21:09:43,006 INFO o.a.j.s.DataStrippingSampleSender: Using DataStrippingSampleSender for this run with stripAlsoOnError: true
2025-03-08 21:09:43,056 INFO o.a.j.e.RemoteJMeterEngineImpl: Creating JMeter engine on host 10.0.36.159 base 'Scripts'
2025-03-08 21:09:43,056 INFO o.a.j.e.RemoteJMeterEngineImpl: Remote client host: 10.0.37.4
2025-03-08 21:09:43,061 INFO o.a.j.s.FileServer: Default base='/home/ubuntu/Jmeter/f9/bin'
2025-03-08 21:09:43,063 INFO o.a.j.s.FileServer: Set new base='Scripts'
2025-03-08 21:09:43,067 INFO o.a.j.e.StandardJMeterEngine: Applying properties {}
2025-03-08 21:09:43,068 INFO o.a.j.e.RemoteJMeterEngineImpl: Running test
2025-03-08 21:09:43,085 INFO o.a.j.e.StandardJMeterEngine: Running the test!
2025-03-08 21:09:43,085 INFO o.a.j.s.SampleEvent: List of sample_variables: []
2025-03-08 21:09:43,095 INFO o.a.j.e.u.CompoundVariable: Note: Function class names must contain the string: '.functions.'
2025-03-08 21:09:43,095 INFO o.a.j.e.u.CompoundVariable: Note: Function class names must not contain the string: '.gui.'
2025-03-08 21:09:43,547 INFO o.a.j.r.ClassFinder: Will scan jar /home/ubuntu/Jmeter/f9/lib/ext/jmeter-plugins-manager-1.9.jar with filter ExtendsClassFilter [parents=[interface org.apache.jmeter.functions.Function], inner=false, contains=null, notContains=null]. Consider exposing JMeter plugins via META-INF/services, and add JMeter-Skip-Class-Scanning=true manifest attribute so JMeter can skip classfile scanning
2025-03-08 21:09:43,695 INFO o.a.j.r.ClassFinder: Will scan jar /home/ubuntu/Jmeter/f9/lib/ext/jmeter-plugins-fifo-0.2.jar with filter ExtendsClassFilter [parents=[interface org.apache.jmeter.functions.Function], inner=false, contains=null, notContains=null]. Consider exposing JMeter plugins via META-INF/services, and add JMeter-Skip-Class-Scanning=true manifest attribute so JMeter can skip classfile scanning
2025-03-08 21:09:44,200 INFO o.a.j.e.StandardJMeterEngine: Starting ThreadGroup: 1 : Login
2025-03-08 21:09:44,200 INFO o.a.j.e.StandardJMeterEngine: Starting 1 threads for group Login.
2025-03-08 21:09:44,200 INFO o.a.j.e.StandardJMeterEngine: Thread will continue on error
2025-03-08 21:09:44,200 INFO o.a.j.t.ThreadGroup: Starting thread group... number=1 threads=1 ramp-up=1 delayedStart=false
2025-03-08 21:09:44,213 INFO o.a.j.t.ThreadGroup: Started thread group number 1
2025-03-08 21:09:44,213 INFO o.a.j.e.StandardJMeterEngine: All thread groups have been started
2025-03-08 21:09:44,231 INFO o.a.j.t.JMeterThread: Thread started: 10.0.36.159-Login 1-1
2025-03-08 21:09:44,235 INFO o.a.j.s.FileServer: Stored: Testdata/UsersAll.csv
2025-03-08 21:09:44,267 INFO o.a.j.p.h.s.HTTPHCAbstractImpl: Local host = ip-10-0-36-159
2025-03-08 21:09:44,274 INFO o.a.j.p.h.s.HTTPHC4Impl: HTTP request retry count = 0
2025-03-08 21:09:44,275 INFO o.a.j.s.SampleResult: Note: Sample TimeStamps are START times
2025-03-08 21:09:44,275 INFO o.a.j.s.SampleResult: sampleresult.default.encoding is set to UTF-8
2025-03-08 21:09:44,275 INFO o.a.j.s.SampleResult: sampleresult.useNanoTime=true
2025-03-08 21:09:44,275 INFO o.a.j.s.SampleResult: sampleresult.nanoThreadSleep=5000
2025-03-08 21:09:44,378 INFO o.a.j.p.h.s.h.LazyLayeredConnectionSocketFactory: Setting up HTTPS TrustAll Socket Factory
2025-03-08 21:09:44,386 INFO o.a.j.u.JsseSSLManager: Using default SSL protocol: TLS
2025-03-08 21:09:44,386 INFO o.a.j.u.JsseSSLManager: SSL session context: per-thread
2025-03-08 21:09:44,475 INFO o.a.j.u.SSLManager: JmeterKeyStore Location:  type JKS
2025-03-08 21:09:44,480 INFO o.a.j.u.SSLManager: KeyStore created OK
2025-03-08 21:09:44,480 WARN o.a.j.u.SSLManager: Keystore file not found, loading empty keystore
2025-03-08 21:09:46,413 INFO o.a.j.e.J.JSR223 PostProcessor: FCUserRun1_1
2025-03-08 21:09:46,415 INFO o.a.j.e.J.JSR223 PostProcessor: Logged In Successfully
2025-03-08 21:09:46,416 INFO o.a.j.e.J.JSR223 PostProcessor: 686
2025-03-08 21:09:46,419 INFO o.a.j.e.J.JSR223 PostProcessor: FCUserRun1_1,Logged In Successfully,686

2025-03-08 21:09:47,649 INFO o.a.j.e.J.JSR223 PostProcessor: FCUserRun1_2
2025-03-08 21:09:47,649 INFO o.a.j.e.J.JSR223 PostProcessor: Logged In Successfully
2025-03-08 21:09:47,649 INFO o.a.j.e.J.JSR223 PostProcessor: 713
2025-03-08 21:09:47,649 INFO o.a.j.e.J.JSR223 PostProcessor: FCUserRun1_2,Logged In Successfully,713

2025-03-08 21:09:48,742 INFO o.a.j.e.J.JSR223 PostProcessor: FCUserRun1_3
2025-03-08 21:09:48,743 INFO o.a.j.e.J.JSR223 PostProcessor: Logged In Successfully
2025-03-08 21:09:48,743 INFO o.a.j.e.J.JSR223 PostProcessor: 692
2025-03-08 21:09:48,743 INFO o.a.j.e.J.JSR223 PostProcessor: FCUserRun1_3,Logged In Successfully,692

2025-03-08 21:09:49,846 INFO o.a.j.e.J.JSR223 PostProcessor: FCUserRun1_4
2025-03-08 21:09:49,846 INFO o.a.j.e.J.JSR223 PostProcessor: Logged In Successfully
2025-03-08 21:09:49,846 INFO o.a.j.e.J.JSR223 PostProcessor: 713
2025-03-08 21:09:49,847 INFO o.a.j.e.J.JSR223 PostProcessor: FCUserRun1_4,Logged In Successfully,713

2025-03-08 21:09:50,951 INFO o.a.j.e.J.JSR223 PostProcessor: FCUserRun1_5
2025-03-08 21:09:50,951 INFO o.a.j.e.J.JSR223 PostProcessor: Logged In Successfully
2025-03-08 21:09:50,951 INFO o.a.j.e.J.JSR223 PostProcessor: 700
2025-03-08 21:09:50,951 INFO o.a.j.e.J.JSR223 PostProcessor: FCUserRun1_5,Logged In Successfully,700

2025-03-08 21:09:52,075 INFO o.a.j.e.J.JSR223 PostProcessor: FCUserRun1_6
2025-03-08 21:09:52,075 INFO o.a.j.e.J.JSR223 PostProcessor: Logged In Successfully
2025-03-08 21:09:52,076 INFO o.a.j.e.J.JSR223 PostProcessor: 708
2025-03-08 21:09:52,076 INFO o.a.j.e.J.JSR223 PostProcessor: FCUserRun1_6,Logged In Successfully,708

2025-03-08 21:09:53,251 INFO o.a.j.e.J.JSR223 PostProcessor: FCUserRun1_7
2025-03-08 21:09:53,251 INFO o.a.j.e.J.JSR223 PostProcessor: Logged In Successfully
2025-03-08 21:09:53,251 INFO o.a.j.e.J.JSR223 PostProcessor: 689
2025-03-08 21:09:53,251 INFO o.a.j.e.J.JSR223 PostProcessor: FCUserRun1_7,Logged In Successfully,689

2025-03-08 21:09:54,387 INFO o.a.j.e.J.JSR223 PostProcessor: FCUserRun1_8
2025-03-08 21:09:54,387 INFO o.a.j.e.J.JSR223 PostProcessor: Logged In Successfully
2025-03-08 21:09:54,387 INFO o.a.j.e.J.JSR223 PostProcessor: 693
2025-03-08 21:09:54,387 INFO o.a.j.e.J.JSR223 PostProcessor: FCUserRun1_8,Logged In Successfully,693

2025-03-08 21:09:55,553 INFO o.a.j.e.J.JSR223 PostProcessor: FCUserRun1_9
2025-03-08 21:09:55,553 INFO o.a.j.e.J.JSR223 PostProcessor: Logged In Successfully
2025-03-08 21:09:55,554 INFO o.a.j.e.J.JSR223 PostProcessor: 713
2025-03-08 21:09:55,554 INFO o.a.j.e.J.JSR223 PostProcessor: FCUserRun1_9,Logged In Successfully,713

2025-03-08 21:09:56,737 INFO o.a.j.e.J.JSR223 PostProcessor: FCUserRun1_10
2025-03-08 21:09:56,737 INFO o.a.j.e.J.JSR223 PostProcessor: Logged In Successfully
2025-03-08 21:09:56,738 INFO o.a.j.e.J.JSR223 PostProcessor: 699
2025-03-08 21:09:56,738 INFO o.a.j.e.J.JSR223 PostProcessor: FCUserRun1_10,Logged In Successfully,699

2025-03-08 21:09:57,838 INFO o.a.j.e.J.JSR223 PostProcessor: FCUserRun1_11
2025-03-08 21:09:57,839 INFO o.a.j.e.J.JSR223 PostProcessor: Logged In Successfully
2025-03-08 21:09:57,839 INFO o.a.j.e.J.JSR223 PostProcessor: 750
2025-03-08 21:09:57,839 INFO o.a.j.e.J.JSR223 PostProcessor: FCUserRun1_11,Logged In Successfully,750

2025-03-08 21:09:58,970 INFO o.a.j.e.J.JSR223 PostProcessor: FCUserRun1_12
2025-03-08 21:09:58,970 INFO o.a.j.e.J.JSR223 PostProcessor: Logged In Successfully
2025-03-08 21:09:58,970 INFO o.a.j.e.J.JSR223 PostProcessor: 685
2025-03-08 21:09:58,970 INFO o.a.j.e.J.JSR223 PostProcessor: FCUserRun1_12,Logged In Successfully,685

2025-03-08 21:10:00,148 INFO o.a.j.e.J.JSR223 PostProcessor: FCUserRun1_13
2025-03-08 21:10:00,148 INFO o.a.j.e.J.JSR223 PostProcessor: Logged In Successfully
2025-03-08 21:10:00,148 INFO o.a.j.e.J.JSR223 PostProcessor: 699
2025-03-08 21:10:00,149 INFO o.a.j.e.J.JSR223 PostProcessor: FCUserRun1_13,Logged In Successfully,699

2025-03-08 21:10:01,266 INFO o.a.j.e.J.JSR223 PostProcessor: FCUserRun1_14
2025-03-08 21:10:01,266 INFO o.a.j.e.J.JSR223 PostProcessor: Logged In Successfully
2025-03-08 21:10:01,266 INFO o.a.j.e.J.JSR223 PostProcessor: 696
2025-03-08 21:10:01,266 INFO o.a.j.e.J.JSR223 PostProcessor: FCUserRun1_14,Logged In Successfully,696

2025-03-08 21:10:02,423 INFO o.a.j.e.J.JSR223 PostProcessor: FCUserRun1_15
2025-03-08 21:10:02,424 INFO o.a.j.e.J.JSR223 PostProcessor: Logged In Successfully
2025-03-08 21:10:02,424 INFO o.a.j.e.J.JSR223 PostProcessor: 709
2025-03-08 21:10:02,424 INFO o.a.j.e.J.JSR223 PostProcessor: FCUserRun1_15,Logged In Successfully,709

2025-03-08 21:10:03,554 INFO o.a.j.e.J.JSR223 PostProcessor: FCUserRun1_16
2025-03-08 21:10:03,555 INFO o.a.j.e.J.JSR223 PostProcessor: Logged In Successfully
2025-03-08 21:10:03,555 INFO o.a.j.e.J.JSR223 PostProcessor: 716
2025-03-08 21:10:03,555 INFO o.a.j.e.J.JSR223 PostProcessor: FCUserRun1_16,Logged In Successfully,716

2025-03-08 21:10:04,641 INFO o.a.j.e.J.JSR223 PostProcessor: FCUserRun1_17
2025-03-08 21:10:04,641 INFO o.a.j.e.J.JSR223 PostProcessor: Logged In Successfully
2025-03-08 21:10:04,641 INFO o.a.j.e.J.JSR223 PostProcessor: 707
2025-03-08 21:10:04,641 INFO o.a.j.e.J.JSR223 PostProcessor: FCUserRun1_17,Logged In Successfully,707

2025-03-08 21:10:05,800 INFO o.a.j.e.J.JSR223 PostProcessor: FCUserRun1_18
2025-03-08 21:10:05,801 INFO o.a.j.e.J.JSR223 PostProcessor: Logged In Successfully
2025-03-08 21:10:05,801 INFO o.a.j.e.J.JSR223 PostProcessor: 706
2025-03-08 21:10:05,801 INFO o.a.j.e.J.JSR223 PostProcessor: FCUserRun1_18,Logged In Successfully,706

2025-03-08 21:10:06,892 INFO o.a.j.e.J.JSR223 PostProcessor: FCUserRun1_19
2025-03-08 21:10:06,892 INFO o.a.j.e.J.JSR223 PostProcessor: Logged In Successfully
2025-03-08 21:10:06,892 INFO o.a.j.e.J.JSR223 PostProcessor: 691
2025-03-08 21:10:06,892 INFO o.a.j.e.J.JSR223 PostProcessor: FCUserRun1_19,Logged In Successfully,691

2025-03-08 21:10:08,047 INFO o.a.j.e.J.JSR223 PostProcessor: FCUserRun1_20
2025-03-08 21:10:08,047 INFO o.a.j.e.J.JSR223 PostProcessor: Logged In Successfully
2025-03-08 21:10:08,047 INFO o.a.j.e.J.JSR223 PostProcessor: 695
2025-03-08 21:10:08,047 INFO o.a.j.e.J.JSR223 PostProcessor: FCUserRun1_20,Logged In Successfully,695

2025-03-08 21:10:09,142 INFO o.a.j.t.JMeterThread: Thread is done: 10.0.36.159-Login 1-1
2025-03-08 21:10:09,143 INFO o.a.j.t.JMeterThread: Thread finished: 10.0.36.159-Login 1-1
2025-03-08 21:10:09,147 INFO o.a.j.e.StandardJMeterEngine: Notifying test listeners of end of test
2025-03-08 21:10:09,148 INFO o.a.j.s.FileServer: Close: Testdata/UsersAll.csv
2025-03-08 21:10:09,151 INFO o.a.j.s.DataStrippingSampleSender: Test Ended on 10.0.36.159
2025-03-08 21:10:09,152 INFO o.a.j.s.BatchSampleSender: Test Ended on 10.0.36.159
2025-03-08 21:10:09,184 INFO o.a.j.s.DataStrippingSampleSender: Test Ended on 10.0.36.159
2025-03-08 21:10:09,184 INFO o.a.j.s.BatchSampleSender: Test Ended on 10.0.36.159
2025-03-08 21:10:09,209 INFO o.a.j.s.DataStrippingSampleSender: Test Ended on 10.0.36.159
2025-03-08 21:10:09,209 INFO o.a.j.s.BatchSampleSender: Test Ended on 10.0.36.159
2025-03-08 21:10:09,234 INFO o.a.j.e.StandardJMeterEngine: Test has ended on host 10.0.36.159 
