2025-03-12 02:04:31,618 INFO o.a.j.u.JMeterUtils: Setting Locale to en_EN
2025-03-12 02:04:31,699 INFO o.a.j.JMeter: Loading user properties from: user.properties
2025-03-12 02:04:31,700 INFO o.a.j.JMeter: Loading system properties from: system.properties
2025-03-12 02:04:31,700 INFO o.a.j.JMeter: Setting System property: remote_hosts=10.0.36.159,10.0.37.4
2025-03-12 02:04:31,712 INFO o.a.j.JMeter: Copyright (c) 1998-2023 The Apache Software Foundation
2025-03-12 02:04:31,712 INFO o.a.j.JMeter: Version 5.6.2
2025-03-12 02:04:31,712 INFO o.a.j.JMeter: java.version=11.0.26
2025-03-12 02:04:31,712 INFO o.a.j.JMeter: java.vm.name=OpenJDK 64-Bit Server VM
2025-03-12 02:04:31,713 INFO o.a.j.JMeter: os.name=Linux
2025-03-12 02:04:31,713 INFO o.a.j.JMeter: os.arch=amd64
2025-03-12 02:04:31,713 INFO o.a.j.JMeter: os.version=6.8.0-1021-aws
2025-03-12 02:04:31,713 INFO o.a.j.JMeter: file.encoding=UTF-8
2025-03-12 02:04:31,713 INFO o.a.j.JMeter: java.awt.headless=true
2025-03-12 02:04:31,713 INFO o.a.j.JMeter: Max memory     =1073741824
2025-03-12 02:04:31,714 INFO o.a.j.JMeter: Available Processors =2
2025-03-12 02:04:31,728 INFO o.a.j.JMeter: Default Locale=English (EN)
2025-03-12 02:04:31,729 INFO o.a.j.JMeter: JMeter  Locale=English (EN)
2025-03-12 02:04:31,729 INFO o.a.j.JMeter: JMeterHome=/home/ubuntu/Jmeter/f9
2025-03-12 02:04:31,729 INFO o.a.j.JMeter: user.dir  =/home/ubuntu/Jmeter/f9/bin
2025-03-12 02:04:31,729 INFO o.a.j.JMeter: PWD       =/home/ubuntu/Jmeter/f9/bin
2025-03-12 02:04:31,731 INFO o.a.j.JMeter: IP: 10.0.37.4 Name: ip-10-0-37-4 FullName: ip-10-0-37-4.eu-west-2.compute.internal
2025-03-12 02:04:31,755 INFO o.a.j.JMeter: Setting property 'jmeter.reportgenerator.outputdir' to:'/home/ubuntu/Jmeter/f9/bin/Execution/20250312_020429/web'
2025-03-12 02:04:31,759 INFO o.a.j.s.FileServer: Default base='/home/ubuntu/Jmeter/f9/bin'
2025-03-12 02:04:31,762 INFO o.a.j.s.FileServer: Set new base='/home/ubuntu/Jmeter/f9/bin/Scripts'
2025-03-12 02:04:32,288 INFO o.a.j.s.SaveService: Testplan (JMX) version: 2.2. Testlog (JTL) version: 2.2
2025-03-12 02:04:32,347 INFO o.a.j.s.SaveService: Using SaveService properties version 5.0
2025-03-12 02:04:32,354 INFO o.a.j.s.SaveService: Using SaveService properties file encoding UTF-8
2025-03-12 02:04:32,364 INFO o.a.j.s.SaveService: Loading file: Scripts/Testplan_10032025.jmx
2025-03-12 02:04:32,444 INFO o.a.j.p.h.c.CookieManager: Settings: Delete null: true Check: true Allow variable: true Save: false Prefix: COOKIE_
2025-03-12 02:04:32,496 INFO o.a.j.p.h.s.HTTPSamplerBase: Parser for text/html is org.apache.jmeter.protocol.http.parser.LagartoBasedHtmlParser
2025-03-12 02:04:32,497 INFO o.a.j.p.h.s.HTTPSamplerBase: Parser for application/xhtml+xml is org.apache.jmeter.protocol.http.parser.LagartoBasedHtmlParser
2025-03-12 02:04:32,497 INFO o.a.j.p.h.s.HTTPSamplerBase: Parser for application/xml is org.apache.jmeter.protocol.http.parser.LagartoBasedHtmlParser
2025-03-12 02:04:32,497 INFO o.a.j.p.h.s.HTTPSamplerBase: Parser for text/xml is org.apache.jmeter.protocol.http.parser.LagartoBasedHtmlParser
2025-03-12 02:04:32,497 INFO o.a.j.p.h.s.HTTPSamplerBase: Parser for text/vnd.wap.wml is org.apache.jmeter.protocol.http.parser.RegexpHTMLParser
2025-03-12 02:04:32,497 INFO o.a.j.p.h.s.HTTPSamplerBase: Parser for text/css is org.apache.jmeter.protocol.http.parser.CssParser
2025-03-12 02:04:33,294 INFO o.a.j.JMeter: Creating summariser <summary>
2025-03-12 02:04:33,312 INFO o.a.j.r.d.ReportGenerator: ReportGenerator will use for Parsing the separator: ','
2025-03-12 02:04:33,313 INFO o.a.j.r.d.ReportGenerator: Will generate report at end of test from  results file: Execution/20250312_020429/results.jtl
2025-03-12 02:04:33,313 INFO o.a.j.r.d.ReportGenerator: Reading report generator properties from: /home/ubuntu/Jmeter/f9/bin/reportgenerator.properties
2025-03-12 02:04:33,315 INFO o.a.j.r.d.ReportGenerator: Merging with JMeter properties
2025-03-12 02:04:33,323 INFO o.a.j.r.c.ReportGeneratorConfiguration: Property 'jmeter.reportgenerator.temp_dir' not found, using default value 'temp' instead.
2025-03-12 02:04:33,328 INFO o.a.j.r.c.ReportGeneratorConfiguration: Property 'jmeter.reportgenerator.apdex_per_transaction' not found, using default value 'null' instead.
2025-03-12 02:04:33,328 INFO o.a.j.r.c.ReportGeneratorConfiguration: apdex_per_transaction is empty, not APDEX per transaction customization
2025-03-12 02:04:33,328 INFO o.a.j.r.c.ReportGeneratorConfiguration: Property 'jmeter.reportgenerator.sample_filter' not found, using default value 'null' instead.
2025-03-12 02:04:33,329 INFO o.a.j.r.c.ReportGeneratorConfiguration: Property 'jmeter.reportgenerator.report_title' not found, using default value 'null' instead.
2025-03-12 02:04:33,329 INFO o.a.j.r.c.ReportGeneratorConfiguration: Property 'jmeter.reportgenerator.start_date' not found, using default value 'null' instead.
2025-03-12 02:04:33,330 INFO o.a.j.r.c.ReportGeneratorConfiguration: Property 'jmeter.reportgenerator.end_date' not found, using default value 'null' instead.
2025-03-12 02:04:33,330 INFO o.a.j.r.c.ReportGeneratorConfiguration: Property 'jmeter.reportgenerator.date_format' not found, using default value 'null' instead.
2025-03-12 02:04:33,331 INFO o.a.j.r.c.ReportGeneratorConfiguration: Will use date range start date: null, end date: null
2025-03-12 02:04:33,338 INFO o.a.j.r.c.ReportGeneratorConfiguration: Property 'jmeter.reportgenerator.graph.totalTPS.exclude_controllers' not found, using default value 'false' instead.
2025-03-12 02:04:33,338 INFO o.a.j.r.c.ReportGeneratorConfiguration: Property 'jmeter.reportgenerator.graph.activeThreadsOverTime.exclude_controllers' not found, using default value 'false' instead.
2025-03-12 02:04:33,339 INFO o.a.j.r.c.ReportGeneratorConfiguration: Property 'jmeter.reportgenerator.graph.timeVsThreads.exclude_controllers' not found, using default value 'false' instead.
2025-03-12 02:04:33,339 INFO o.a.j.r.c.ReportGeneratorConfiguration: Property 'jmeter.reportgenerator.graph.responseTimeDistribution.exclude_controllers' not found, using default value 'false' instead.
2025-03-12 02:04:33,339 INFO o.a.j.r.c.ReportGeneratorConfiguration: Property 'jmeter.reportgenerator.graph.transactionsPerSecond.exclude_controllers' not found, using default value 'false' instead.
2025-03-12 02:04:33,341 INFO o.a.j.r.c.ReportGeneratorConfiguration: Property 'jmeter.reportgenerator.graph.responseTimePercentiles.exclude_controllers' not found, using default value 'false' instead.
2025-03-12 02:04:33,341 INFO o.a.j.r.c.ReportGeneratorConfiguration: Property 'jmeter.reportgenerator.graph.responseTimePercentilesOverTime.exclude_controllers' not found, using default value 'false' instead.
2025-03-12 02:04:33,341 INFO o.a.j.r.c.ReportGeneratorConfiguration: Property 'jmeter.reportgenerator.graph.responseTimesOverTime.exclude_controllers' not found, using default value 'false' instead.
2025-03-12 02:04:33,342 INFO o.a.j.r.c.ReportGeneratorConfiguration: Property 'jmeter.reportgenerator.graph.connectTimeOverTime.exclude_controllers' not found, using default value 'false' instead.
2025-03-12 02:04:33,343 INFO o.a.j.r.c.ReportGeneratorConfiguration: Property 'jmeter.reportgenerator.graph.latenciesOverTime.exclude_controllers' not found, using default value 'false' instead.
2025-03-12 02:04:33,345 INFO o.a.j.r.c.ReportGeneratorConfiguration: Property 'jmeter.reportgenerator.exporter.json.filters_only_sample_series' not found, using default value 'true' instead.
2025-03-12 02:04:33,345 INFO o.a.j.r.c.ReportGeneratorConfiguration: Property 'jmeter.reportgenerator.exporter.json.series_filter' not found, using default value '' instead.
2025-03-12 02:04:33,345 INFO o.a.j.r.c.ReportGeneratorConfiguration: Property 'jmeter.reportgenerator.exporter.json.show_controllers_only' not found, using default value 'false' instead.
2025-03-12 02:04:33,346 INFO o.a.j.r.c.ReportGeneratorConfiguration: Property 'jmeter.reportgenerator.exporter.html.filters_only_sample_series' not found, using default value 'true' instead.
2025-03-12 02:04:33,347 INFO o.a.j.r.c.ReportGeneratorConfiguration: Property 'jmeter.reportgenerator.exporter.html.series_filter' not found, using default value '' instead.
2025-03-12 02:04:33,347 INFO o.a.j.r.c.ReportGeneratorConfiguration: Property 'jmeter.reportgenerator.exporter.html.show_controllers_only' not found, using default value 'false' instead.
2025-03-12 02:04:33,351 INFO o.a.j.e.DistributedRunner: Configuring remote engine: 10.0.36.159
2025-03-12 02:04:33,354 INFO o.a.j.r.RmiUtils: Disabling SSL for RMI as server.rmi.ssl.disable is set to 'true'
2025-03-12 02:04:33,548 INFO o.a.j.e.DistributedRunner: Configuring remote engine: 10.0.37.4
2025-03-12 02:04:33,549 INFO o.a.j.r.RmiUtils: Disabling SSL for RMI as server.rmi.ssl.disable is set to 'true'
2025-03-12 02:04:33,736 INFO o.a.j.e.DistributedRunner: Starting distributed test with remote engines: [10.0.36.159, 10.0.37.4] @ 2025 Mar 12 02:04:33 UTC (1741745073712)
2025-03-12 02:04:33,736 INFO o.a.j.e.ClientJMeterEngine: running clientengine run method
2025-03-12 02:04:33,761 INFO o.a.j.e.u.CompoundVariable: Note: Function class names must contain the string: '.functions.'
2025-03-12 02:04:33,761 INFO o.a.j.e.u.CompoundVariable: Note: Function class names must not contain the string: '.gui.'
2025-03-12 02:04:33,940 INFO o.a.j.r.ClassFinder: Will scan jar /home/ubuntu/Jmeter/f9/lib/ext/jmeter-plugins-manager-1.9.jar with filter ExtendsClassFilter [parents=[interface org.apache.jmeter.functions.Function], inner=false, contains=null, notContains=null]. Consider exposing JMeter plugins via META-INF/services, and add JMeter-Skip-Class-Scanning=true manifest attribute so JMeter can skip classfile scanning
2025-03-12 02:04:34,111 INFO o.a.j.r.ClassFinder: Will scan jar /home/ubuntu/Jmeter/f9/lib/ext/jmeter-plugins-fifo-0.2.jar with filter ExtendsClassFilter [parents=[interface org.apache.jmeter.functions.Function], inner=false, contains=null, notContains=null]. Consider exposing JMeter plugins via META-INF/services, and add JMeter-Skip-Class-Scanning=true manifest attribute so JMeter can skip classfile scanning
2025-03-12 02:04:34,130 INFO o.a.j.r.RmiUtils: Disabling SSL for RMI as server.rmi.ssl.disable is set to 'true'
2025-03-12 02:04:34,130 INFO o.a.j.r.RmiUtils: Disabling SSL for RMI as server.rmi.ssl.disable is set to 'true'
2025-03-12 02:04:34,137 INFO o.a.j.s.SampleEvent: List of sample_variables: []
2025-03-12 02:04:34,150 INFO o.a.j.s.BatchSampleSender: Using batching (client settings) for this run. Thresholds: num=100, time=60000
2025-03-12 02:04:34,150 INFO o.a.j.s.DataStrippingSampleSender: Using DataStrippingSampleSender for this run
2025-03-12 02:04:34,152 INFO o.a.j.r.RmiUtils: Disabling SSL for RMI as server.rmi.ssl.disable is set to 'true'
2025-03-12 02:04:34,153 INFO o.a.j.r.RmiUtils: Disabling SSL for RMI as server.rmi.ssl.disable is set to 'true'
2025-03-12 02:04:34,159 INFO o.a.j.r.ClassFinder: Will scan jar /home/ubuntu/Jmeter/f9/lib/ext/jmeter-plugins-manager-1.9.jar with filter ExtendsClassFilter [parents=[interface org.apache.jmeter.threads.RemoteThreadsLifeCycleListener], inner=false, contains=null, notContains=null]. Consider exposing JMeter plugins via META-INF/services, and add JMeter-Skip-Class-Scanning=true manifest attribute so JMeter can skip classfile scanning
2025-03-12 02:04:34,164 INFO o.a.j.r.ClassFinder: Will scan jar /home/ubuntu/Jmeter/f9/lib/ext/jmeter-plugins-fifo-0.2.jar with filter ExtendsClassFilter [parents=[interface org.apache.jmeter.threads.RemoteThreadsLifeCycleListener], inner=false, contains=null, notContains=null]. Consider exposing JMeter plugins via META-INF/services, and add JMeter-Skip-Class-Scanning=true manifest attribute so JMeter can skip classfile scanning
2025-03-12 02:04:34,166 INFO o.a.j.r.RmiUtils: Disabling SSL for RMI as server.rmi.ssl.disable is set to 'true'
2025-03-12 02:04:34,166 INFO o.a.j.r.RmiUtils: Disabling SSL for RMI as server.rmi.ssl.disable is set to 'true'
2025-03-12 02:04:34,955 INFO o.a.j.e.ClientJMeterEngine: sent test to 10.0.36.159 basedir='Scripts'
2025-03-12 02:04:34,955 INFO o.a.j.e.ClientJMeterEngine: Sending properties {}
2025-03-12 02:04:34,994 INFO o.a.j.e.ClientJMeterEngine: sent run command to 10.0.36.159
2025-03-12 02:04:34,994 INFO o.a.j.e.ClientJMeterEngine: running clientengine run method
2025-03-12 02:04:34,996 INFO o.a.j.r.RmiUtils: Disabling SSL for RMI as server.rmi.ssl.disable is set to 'true'
2025-03-12 02:04:34,996 INFO o.a.j.r.RmiUtils: Disabling SSL for RMI as server.rmi.ssl.disable is set to 'true'
2025-03-12 02:04:34,996 INFO o.a.j.s.BatchSampleSender: Using batching (client settings) for this run. Thresholds: num=100, time=60000
2025-03-12 02:04:34,996 INFO o.a.j.s.DataStrippingSampleSender: Using DataStrippingSampleSender for this run
2025-03-12 02:04:34,997 INFO o.a.j.r.RmiUtils: Disabling SSL for RMI as server.rmi.ssl.disable is set to 'true'
2025-03-12 02:04:34,997 INFO o.a.j.r.RmiUtils: Disabling SSL for RMI as server.rmi.ssl.disable is set to 'true'
2025-03-12 02:04:34,999 INFO o.a.j.r.ClassFinder: Will scan jar /home/ubuntu/Jmeter/f9/lib/ext/jmeter-plugins-manager-1.9.jar with filter ExtendsClassFilter [parents=[interface org.apache.jmeter.threads.RemoteThreadsLifeCycleListener], inner=false, contains=null, notContains=null]. Consider exposing JMeter plugins via META-INF/services, and add JMeter-Skip-Class-Scanning=true manifest attribute so JMeter can skip classfile scanning
2025-03-12 02:04:35,003 INFO o.a.j.r.ClassFinder: Will scan jar /home/ubuntu/Jmeter/f9/lib/ext/jmeter-plugins-fifo-0.2.jar with filter ExtendsClassFilter [parents=[interface org.apache.jmeter.threads.RemoteThreadsLifeCycleListener], inner=false, contains=null, notContains=null]. Consider exposing JMeter plugins via META-INF/services, and add JMeter-Skip-Class-Scanning=true manifest attribute so JMeter can skip classfile scanning
2025-03-12 02:04:35,005 INFO o.a.j.r.RmiUtils: Disabling SSL for RMI as server.rmi.ssl.disable is set to 'true'
2025-03-12 02:04:35,005 INFO o.a.j.r.RmiUtils: Disabling SSL for RMI as server.rmi.ssl.disable is set to 'true'
2025-03-12 02:04:35,824 INFO o.a.j.JMeter: Started remote host:  10.0.36.159 (1741745075824)
2025-03-12 02:04:36,138 INFO o.a.j.e.ClientJMeterEngine: sent test to 10.0.37.4 basedir='Scripts'
2025-03-12 02:04:36,139 INFO o.a.j.e.ClientJMeterEngine: Sending properties {}
2025-03-12 02:04:36,187 INFO o.a.j.e.ClientJMeterEngine: sent run command to 10.0.37.4
2025-03-12 02:04:36,187 INFO o.a.j.e.DistributedRunner: Remote engines have been started:[10.0.36.159, 10.0.37.4]
2025-03-12 02:04:37,123 INFO o.a.j.JMeter: Started remote host:  10.0.37.4 (1741745077123)
2025-03-12 02:19:35,431 INFO o.a.j.JMeter: Finished remote host: 10.0.36.159 (1741745975431)
2025-03-12 02:19:36,739 INFO o.a.j.r.Summariser: summary =      0 in 00:00:00 = ******/s Avg:     0 Min: 9223372036854775807 Max: -9223372036854775808 Err:     0 (0.00%)
2025-03-12 02:19:36,740 INFO o.a.j.JMeter: Finished remote host: 10.0.37.4 (1741745976740)
2025-03-12 02:19:36,740 INFO o.a.j.JMeter: All remote engines have ended test, starting RemoteTestStopper thread
2025-03-12 02:19:41,746 INFO o.a.j.JMeter: Interrupting RMI Reaper
2025-03-12 02:19:41,746 INFO o.a.j.JMeter: Generating Dashboard
2025-03-12 02:19:41,747 INFO o.a.j.r.d.ReportGenerator: Flushing result collector before report Generation
2025-03-12 02:19:41,769 INFO o.a.j.r.p.NormalizerSampleConsumer: Using format, 'ms', to parse timeStamp field
2025-03-12 02:19:41,830 INFO o.a.j.r.p.AbstractSampleConsumer: class org.apache.jmeter.report.processor.AggregateConsumer#stopProducing(): beginDate produced 0 samples
2025-03-12 02:19:41,830 INFO o.a.j.r.p.AbstractSampleConsumer: class org.apache.jmeter.report.processor.AggregateConsumer#stopProducing(): endDate produced 0 samples
2025-03-12 02:19:41,831 INFO o.a.j.r.p.AbstractSampleConsumer: class org.apache.jmeter.report.processor.ApdexSummaryConsumer#stopProducing(): apdexSummary produced 0 samples
2025-03-12 02:19:41,831 INFO o.a.j.r.p.AbstractSampleConsumer: class org.apache.jmeter.report.processor.RequestsSummaryConsumer#stopProducing(): requestsSummary produced 0 samples
2025-03-12 02:19:41,832 INFO o.a.j.r.p.AbstractSampleConsumer: class org.apache.jmeter.report.processor.StatisticsSummaryConsumer#stopProducing(): statisticsSummary produced 0 samples
2025-03-12 02:19:41,832 INFO o.a.j.r.p.AbstractSampleConsumer: class org.apache.jmeter.report.processor.Top5ErrorsBySamplerConsumer#stopProducing(): top5ErrorsBySampler produced 0 samples
2025-03-12 02:19:41,832 INFO o.a.j.r.p.AbstractSampleConsumer: class org.apache.jmeter.report.processor.ErrorsSummaryConsumer#stopProducing(): errorsSummary produced 0 samples
2025-03-12 02:19:41,832 INFO o.a.j.r.p.AbstractSampleConsumer: class org.apache.jmeter.report.processor.graph.impl.HitsPerSecondGraphConsumer#stopProducing(): hitsPerSecond produced 0 samples
2025-03-12 02:19:41,850 INFO o.a.j.r.p.AbstractSampleConsumer: class org.apache.jmeter.report.processor.graph.impl.LatencyVSRequestGraphConsumer#stopProducing(): latencyVsRequest produced 0 samples
2025-03-12 02:19:41,850 INFO o.a.j.r.p.AbstractSampleConsumer: class org.apache.jmeter.report.processor.graph.impl.SyntheticResponseTimeDistributionGraphConsumer#stopProducing(): syntheticResponseTimeDistribution produced 0 samples
2025-03-12 02:19:41,851 INFO o.a.j.r.p.AbstractSampleConsumer: class org.apache.jmeter.report.processor.graph.impl.BytesThroughputGraphConsumer#stopProducing(): bytesThroughputOverTime produced 0 samples
2025-03-12 02:19:41,852 INFO o.a.j.r.p.AbstractSampleConsumer: class org.apache.jmeter.report.processor.graph.impl.CodesPerSecondGraphConsumer#stopProducing(): codesPerSecond produced 0 samples
2025-03-12 02:19:41,854 INFO o.a.j.r.p.AbstractSampleConsumer: class org.apache.jmeter.report.processor.graph.impl.ResponseTimeVSRequestGraphConsumer#stopProducing(): responseTimeVsRequest produced 0 samples
2025-03-12 02:19:41,855 INFO o.a.j.r.p.AbstractSampleConsumer: class org.apache.jmeter.report.processor.FilterConsumer#stopProducing(): startIntervalControlerFilter produced 0 samples
2025-03-12 02:19:41,855 INFO o.a.j.r.p.AbstractSampleConsumer: class org.apache.jmeter.report.processor.graph.impl.TotalTPSGraphConsumer#stopProducing(): totalTPS produced 0 samples
2025-03-12 02:19:41,855 INFO o.a.j.r.p.AbstractSampleConsumer: class org.apache.jmeter.report.processor.graph.impl.ActiveThreadsGraphConsumer#stopProducing(): activeThreadsOverTime produced 0 samples
2025-03-12 02:19:41,855 INFO o.a.j.r.p.AbstractSampleConsumer: class org.apache.jmeter.report.processor.graph.impl.TimeVSThreadGraphConsumer#stopProducing(): timeVsThreads produced 0 samples
2025-03-12 02:19:41,855 INFO o.a.j.r.p.AbstractSampleConsumer: class org.apache.jmeter.report.processor.graph.impl.ResponseTimeDistributionGraphConsumer#stopProducing(): responseTimeDistribution produced 0 samples
2025-03-12 02:19:41,856 INFO o.a.j.r.p.AbstractSampleConsumer: class org.apache.jmeter.report.processor.graph.impl.TransactionsPerSecondGraphConsumer#stopProducing(): transactionsPerSecond produced 0 samples
2025-03-12 02:19:41,856 INFO o.a.j.r.p.AbstractSampleConsumer: class org.apache.jmeter.report.processor.graph.impl.ResponseTimePercentilesGraphConsumer#stopProducing(): responseTimePercentiles produced 0 samples
2025-03-12 02:19:41,856 INFO o.a.j.r.p.AbstractSampleConsumer: class org.apache.jmeter.report.processor.graph.impl.ResponseTimePercentilesOverTimeGraphConsumer#stopProducing(): responseTimePercentilesOverTime produced 0 samples
2025-03-12 02:19:41,856 INFO o.a.j.r.p.AbstractSampleConsumer: class org.apache.jmeter.report.processor.graph.impl.ResponseTimeOverTimeGraphConsumer#stopProducing(): responseTimesOverTime produced 0 samples
2025-03-12 02:19:41,856 INFO o.a.j.r.p.AbstractSampleConsumer: class org.apache.jmeter.report.processor.graph.impl.ConnectTimeOverTimeGraphConsumer#stopProducing(): connectTimeOverTime produced 0 samples
2025-03-12 02:19:41,856 INFO o.a.j.r.p.AbstractSampleConsumer: class org.apache.jmeter.report.processor.graph.impl.LatencyOverTimeGraphConsumer#stopProducing(): latenciesOverTime produced 0 samples
2025-03-12 02:19:41,856 INFO o.a.j.r.p.AbstractSampleConsumer: class org.apache.jmeter.report.processor.FilterConsumer#stopProducing(): nameFilter produced 0 samples
2025-03-12 02:19:41,857 INFO o.a.j.r.p.AbstractSampleConsumer: class org.apache.jmeter.report.processor.FilterConsumer#stopProducing(): dateRangeFilter produced 0 samples
2025-03-12 02:19:41,857 INFO o.a.j.r.p.AbstractSampleConsumer: class org.apache.jmeter.report.processor.NormalizerSampleConsumer#stopProducing(): normalizer produced 0 samples
2025-03-12 02:19:41,858 INFO o.a.j.r.p.CsvFileSampleSource: produce(): 0 samples produced in 36ms on channel 0
2025-03-12 02:19:41,858 INFO o.a.j.r.d.ReportGenerator: Exporting data using exporter:'json' of className:'org.apache.jmeter.report.dashboard.JsonExporter'
2025-03-12 02:19:42,113 INFO o.a.j.r.d.JsonExporter: Found data for consumer statisticsSummary in context
2025-03-12 02:19:42,113 INFO o.a.j.r.d.JsonExporter: Creating statistics for overall
2025-03-12 02:19:42,114 ERROR o.a.j.JMeter: Error generating the report: null
java.lang.NullPointerException: null
	at org.apache.jmeter.report.dashboard.JsonExporter.createStatistic(JsonExporter.java:121) ~[ApacheJMeter_core.jar:5.6.2]
	at org.apache.jmeter.report.dashboard.JsonExporter.export(JsonExporter.java:72) ~[ApacheJMeter_core.jar:5.6.2]
	at org.apache.jmeter.report.dashboard.ReportGenerator.exportData(ReportGenerator.java:383) ~[ApacheJMeter_core.jar:5.6.2]
	at org.apache.jmeter.report.dashboard.ReportGenerator.generate(ReportGenerator.java:261) ~[ApacheJMeter_core.jar:5.6.2]
	at org.apache.jmeter.JMeter$ListenToTest.endTest(JMeter.java:1285) ~[ApacheJMeter_core.jar:5.6.2]
	at org.apache.jmeter.JMeter$ListenToTest.lambda$testEnded$0(JMeter.java:1230) ~[ApacheJMeter_core.jar:5.6.2]
	at java.lang.Thread.run(Thread.java:829) [?:?]
